[DEBUG][20180817 11:06:33,762]  [] [main] [org.springframework.context.annotation.ClassPathScanningCandidateComponentProvider:300] Ignored because not a concrete top-level class: file [D:\Project\IDEA_Project\oitsme-admin\oitsme-admin-server\admin-service-public\target\test-classes\com\oitsme\admin\pub\dao\publi\UserMapperTest.class]
[DEBUG][20180817 11:06:33,785]  [] [main] [org.springframework.context.annotation.ClassPathScanningCandidateComponentProvider:294] Identified candidate component class: file [D:\Project\IDEA_Project\oitsme-admin\oitsme-admin-server\admin-service-public\target\classes\com\oitsme\admin\pub\dao\publi\UserMapper.class]
[DEBUG][20180817 11:06:33,786]  [] [main] [org.mybatis.spring.mapper.ClassPathMapperScanner:180] Creating MapperFactoryBean with name 'userMapper' and 'com.oitsme.admin.pub.dao.publi.UserMapper' mapperInterface
[DEBUG][20180817 11:06:35,087]  [] [main] [org.apache.ibatis.logging.LogFactory:135] Logging initialized using 'class org.apache.ibatis.logging.slf4j.Slf4jImpl' adapter.
[DEBUG][20180817 11:06:35,774]  [] [main] [org.mybatis.spring.SqlSessionFactoryBean:410] Property 'configuration' or 'configLocation' not specified, using default MyBatis Configuration
[DEBUG][20180817 11:06:37,025]  [] [main] [org.mybatis.spring.SqlSessionFactoryBean:529] Parsed mapper file: 'file [D:\Project\IDEA_Project\oitsme-admin\oitsme-admin-server\admin-service-public\target\classes\mapping\publi\UserMapper.xml]'
[DEBUG][20180817 16:55:33,052]  [] [main] [org.springframework.context.annotation.ClassPathScanningCandidateComponentProvider:300] Ignored because not a concrete top-level class: file [D:\Project\IDEA_Project\oitsme-admin\oitsme-admin-server\admin-service-public\target\test-classes\com\oitsme\admin\pub\dao\publi\UserMapperTest.class]
[DEBUG][20180817 16:55:33,074]  [] [main] [org.springframework.context.annotation.ClassPathScanningCandidateComponentProvider:294] Identified candidate component class: file [D:\Project\IDEA_Project\oitsme-admin\oitsme-admin-server\admin-service-public\target\classes\com\oitsme\admin\pub\dao\publi\UserMapper.class]
[DEBUG][20180817 16:55:33,075]  [] [main] [org.mybatis.spring.mapper.ClassPathMapperScanner:180] Creating MapperFactoryBean with name 'userMapper' and 'com.oitsme.admin.pub.dao.publi.UserMapper' mapperInterface
[DEBUG][20180817 16:55:34,723]  [] [main] [org.apache.ibatis.logging.LogFactory:135] Logging initialized using 'class org.apache.ibatis.logging.slf4j.Slf4jImpl' adapter.
[DEBUG][20180817 16:55:35,171]  [] [main] [org.mybatis.spring.SqlSessionFactoryBean:410] Property 'configuration' or 'configLocation' not specified, using default MyBatis Configuration
[DEBUG][20180817 16:55:35,946]  [] [main] [org.mybatis.spring.SqlSessionFactoryBean:529] Parsed mapper file: 'file [D:\Project\IDEA_Project\oitsme-admin\oitsme-admin-server\admin-service-public\target\classes\mapping\publi\UserMapper.xml]'
[DEBUG][20180817 16:56:45,830]  [] [main] [org.springframework.context.annotation.ClassPathScanningCandidateComponentProvider:300] Ignored because not a concrete top-level class: file [D:\Project\IDEA_Project\oitsme-admin\oitsme-admin-server\admin-service-public\target\test-classes\com\oitsme\admin\pub\dao\publi\UserMapperTest.class]
[DEBUG][20180817 16:56:45,849]  [] [main] [org.springframework.context.annotation.ClassPathScanningCandidateComponentProvider:294] Identified candidate component class: file [D:\Project\IDEA_Project\oitsme-admin\oitsme-admin-server\admin-service-public\target\classes\com\oitsme\admin\pub\dao\publi\UserMapper.class]
[DEBUG][20180817 16:56:45,856]  [] [main] [org.mybatis.spring.mapper.ClassPathMapperScanner:180] Creating MapperFactoryBean with name 'userMapper' and 'com.oitsme.admin.pub.dao.publi.UserMapper' mapperInterface
[DEBUG][20180817 16:56:47,183]  [] [main] [org.apache.ibatis.logging.LogFactory:135] Logging initialized using 'class org.apache.ibatis.logging.slf4j.Slf4jImpl' adapter.
[DEBUG][20180817 16:56:47,530]  [] [main] [org.mybatis.spring.SqlSessionFactoryBean:410] Property 'configuration' or 'configLocation' not specified, using default MyBatis Configuration
[DEBUG][20180817 16:56:48,114]  [] [main] [org.mybatis.spring.SqlSessionFactoryBean:529] Parsed mapper file: 'file [D:\Project\IDEA_Project\oitsme-admin\oitsme-admin-server\admin-service-public\target\classes\mapping\publi\UserMapper.xml]'
[DEBUG][20180817 16:57:53,516]  [] [main] [org.springframework.context.annotation.ClassPathScanningCandidateComponentProvider:300] Ignored because not a concrete top-level class: file [D:\Project\IDEA_Project\oitsme-admin\oitsme-admin-server\admin-service-public\target\test-classes\com\oitsme\admin\pub\dao\publi\UserMapperTest.class]
[DEBUG][20180817 16:57:53,527]  [] [main] [org.springframework.context.annotation.ClassPathScanningCandidateComponentProvider:294] Identified candidate component class: file [D:\Project\IDEA_Project\oitsme-admin\oitsme-admin-server\admin-service-public\target\classes\com\oitsme\admin\pub\dao\publi\UserMapper.class]
[DEBUG][20180817 16:57:53,529]  [] [main] [org.mybatis.spring.mapper.ClassPathMapperScanner:180] Creating MapperFactoryBean with name 'userMapper' and 'com.oitsme.admin.pub.dao.publi.UserMapper' mapperInterface
[DEBUG][20180817 16:57:54,435]  [] [main] [org.apache.ibatis.logging.LogFactory:135] Logging initialized using 'class org.apache.ibatis.logging.slf4j.Slf4jImpl' adapter.
[DEBUG][20180817 16:57:54,920]  [] [main] [org.mybatis.spring.SqlSessionFactoryBean:410] Property 'configuration' or 'configLocation' not specified, using default MyBatis Configuration
[DEBUG][20180817 16:57:55,764]  [] [main] [org.mybatis.spring.SqlSessionFactoryBean:529] Parsed mapper file: 'file [D:\Project\IDEA_Project\oitsme-admin\oitsme-admin-server\admin-service-public\target\classes\mapping\publi\UserMapper.xml]'
